03/08/23 (22:48:55) | ERROR: Exception while getting cpu frequency!
03/08/23 (22:48:55) | ERROR: [Errno 2] No such file or directory (originated from sysctl(HW_CPU_FREQ))
Traceback (most recent call last):
  File "/opt/homebrew/bin/bpytop", line 3080, in _collect
    if CONFIG.show_cpu_freq and hasattr(psutil.cpu_freq(), "current"):
                                        ^^^^^^^^^^^^^^^^^
  File "/opt/homebrew/Cellar/bpytop/1.0.68/libexec/lib/python3.11/site-packages/psutil/__init__.py", line 1864, in cpu_freq
    ret = _psplatform.cpu_freq()
          ^^^^^^^^^^^^^^^^^^^^^^
  File "/opt/homebrew/Cellar/bpytop/1.0.68/libexec/lib/python3.11/site-packages/psutil/_psosx.py", line 179, in cpu_freq
    curr, min_, max_ = cext.cpu_freq()
                       ^^^^^^^^^^^^^^^
FileNotFoundError: [Errno 2] No such file or directory (originated from sysctl(HW_CPU_FREQ))
03/08/23 (23:10:53) | ERROR: Exception while getting cpu frequency!
03/08/23 (23:10:53) | ERROR: [Errno 2] No such file or directory (originated from sysctl(HW_CPU_FREQ))
Traceback (most recent call last):
  File "/opt/homebrew/bin/bpytop", line 3080, in _collect
    if CONFIG.show_cpu_freq and hasattr(psutil.cpu_freq(), "current"):
                                        ^^^^^^^^^^^^^^^^^
  File "/opt/homebrew/Cellar/bpytop/1.0.68/libexec/lib/python3.11/site-packages/psutil/__init__.py", line 1864, in cpu_freq
    ret = _psplatform.cpu_freq()
          ^^^^^^^^^^^^^^^^^^^^^^
  File "/opt/homebrew/Cellar/bpytop/1.0.68/libexec/lib/python3.11/site-packages/psutil/_psosx.py", line 179, in cpu_freq
    curr, min_, max_ = cext.cpu_freq()
                       ^^^^^^^^^^^^^^^
FileNotFoundError: [Errno 2] No such file or directory (originated from sysctl(HW_CPU_FREQ))
03/08/23 (23:32:06) | ERROR: Exception while getting cpu frequency!
03/08/23 (23:32:06) | ERROR: [Errno 2] No such file or directory (originated from sysctl(HW_CPU_FREQ))
Traceback (most recent call last):
  File "/opt/homebrew/bin/bpytop", line 3080, in _collect
    if CONFIG.show_cpu_freq and hasattr(psutil.cpu_freq(), "current"):
                                        ^^^^^^^^^^^^^^^^^
  File "/opt/homebrew/Cellar/bpytop/1.0.68/libexec/lib/python3.11/site-packages/psutil/__init__.py", line 1864, in cpu_freq
    ret = _psplatform.cpu_freq()
          ^^^^^^^^^^^^^^^^^^^^^^
  File "/opt/homebrew/Cellar/bpytop/1.0.68/libexec/lib/python3.11/site-packages/psutil/_psosx.py", line 179, in cpu_freq
    curr, min_, max_ = cext.cpu_freq()
                       ^^^^^^^^^^^^^^^
FileNotFoundError: [Errno 2] No such file or directory (originated from sysctl(HW_CPU_FREQ))
04/08/23 (10:44:42) | ERROR: Exception while getting cpu frequency!
04/08/23 (10:44:42) | ERROR: [Errno 2] No such file or directory (originated from sysctl(HW_CPU_FREQ))
Traceback (most recent call last):
  File "/opt/homebrew/bin/bpytop", line 3080, in _collect
    if CONFIG.show_cpu_freq and hasattr(psutil.cpu_freq(), "current"):
                                        ^^^^^^^^^^^^^^^^^
  File "/opt/homebrew/Cellar/bpytop/1.0.68/libexec/lib/python3.11/site-packages/psutil/__init__.py", line 1864, in cpu_freq
    ret = _psplatform.cpu_freq()
          ^^^^^^^^^^^^^^^^^^^^^^
  File "/opt/homebrew/Cellar/bpytop/1.0.68/libexec/lib/python3.11/site-packages/psutil/_psosx.py", line 179, in cpu_freq
    curr, min_, max_ = cext.cpu_freq()
                       ^^^^^^^^^^^^^^^
FileNotFoundError: [Errno 2] No such file or directory (originated from sysctl(HW_CPU_FREQ))
06/08/23 (08:39:21) | ERROR: Exception while getting cpu frequency!
06/08/23 (08:39:21) | ERROR: [Errno 2] No such file or directory (originated from sysctl(HW_CPU_FREQ))
Traceback (most recent call last):
  File "/opt/homebrew/bin/bpytop", line 3080, in _collect
    if CONFIG.show_cpu_freq and hasattr(psutil.cpu_freq(), "current"):
                                        ^^^^^^^^^^^^^^^^^
  File "/opt/homebrew/Cellar/bpytop/1.0.68/libexec/lib/python3.11/site-packages/psutil/__init__.py", line 1864, in cpu_freq
    ret = _psplatform.cpu_freq()
          ^^^^^^^^^^^^^^^^^^^^^^
  File "/opt/homebrew/Cellar/bpytop/1.0.68/libexec/lib/python3.11/site-packages/psutil/_psosx.py", line 179, in cpu_freq
    curr, min_, max_ = cext.cpu_freq()
                       ^^^^^^^^^^^^^^^
FileNotFoundError: [Errno 2] No such file or directory (originated from sysctl(HW_CPU_FREQ))
06/08/23 (09:47:42) | ERROR: Exception while getting cpu frequency!
06/08/23 (09:47:42) | ERROR: [Errno 2] No such file or directory (originated from sysctl(HW_CPU_FREQ))
Traceback (most recent call last):
  File "/opt/homebrew/bin/bpytop", line 3080, in _collect
    if CONFIG.show_cpu_freq and hasattr(psutil.cpu_freq(), "current"):
                                        ^^^^^^^^^^^^^^^^^
  File "/opt/homebrew/Cellar/bpytop/1.0.68/libexec/lib/python3.11/site-packages/psutil/__init__.py", line 1864, in cpu_freq
    ret = _psplatform.cpu_freq()
          ^^^^^^^^^^^^^^^^^^^^^^
  File "/opt/homebrew/Cellar/bpytop/1.0.68/libexec/lib/python3.11/site-packages/psutil/_psosx.py", line 179, in cpu_freq
    curr, min_, max_ = cext.cpu_freq()
                       ^^^^^^^^^^^^^^^
FileNotFoundError: [Errno 2] No such file or directory (originated from sysctl(HW_CPU_FREQ))
14/08/23 (10:28:08) | ERROR: Exception while getting cpu frequency!
14/08/23 (10:28:08) | ERROR: [Errno 2] No such file or directory (originated from sysctl(HW_CPU_FREQ))
Traceback (most recent call last):
  File "/opt/homebrew/bin/bpytop", line 3080, in _collect
    if CONFIG.show_cpu_freq and hasattr(psutil.cpu_freq(), "current"):
                                        ^^^^^^^^^^^^^^^^^
  File "/opt/homebrew/Cellar/bpytop/1.0.68/libexec/lib/python3.11/site-packages/psutil/__init__.py", line 1864, in cpu_freq
    ret = _psplatform.cpu_freq()
          ^^^^^^^^^^^^^^^^^^^^^^
  File "/opt/homebrew/Cellar/bpytop/1.0.68/libexec/lib/python3.11/site-packages/psutil/_psosx.py", line 179, in cpu_freq
    curr, min_, max_ = cext.cpu_freq()
                       ^^^^^^^^^^^^^^^
FileNotFoundError: [Errno 2] No such file or directory (originated from sysctl(HW_CPU_FREQ))
14/08/23 (15:03:49) | ERROR: Exception while getting cpu frequency!
14/08/23 (15:03:49) | ERROR: [Errno 2] No such file or directory (originated from sysctl(HW_CPU_FREQ))
Traceback (most recent call last):
  File "/opt/homebrew/bin/bpytop", line 3080, in _collect
    if CONFIG.show_cpu_freq and hasattr(psutil.cpu_freq(), "current"):
                                        ^^^^^^^^^^^^^^^^^
  File "/opt/homebrew/Cellar/bpytop/1.0.68/libexec/lib/python3.11/site-packages/psutil/__init__.py", line 1864, in cpu_freq
    ret = _psplatform.cpu_freq()
          ^^^^^^^^^^^^^^^^^^^^^^
  File "/opt/homebrew/Cellar/bpytop/1.0.68/libexec/lib/python3.11/site-packages/psutil/_psosx.py", line 179, in cpu_freq
    curr, min_, max_ = cext.cpu_freq()
                       ^^^^^^^^^^^^^^^
FileNotFoundError: [Errno 2] No such file or directory (originated from sysctl(HW_CPU_FREQ))
19/08/23 (19:04:05) | ERROR: Exception while getting cpu frequency!
19/08/23 (19:04:05) | ERROR: [Errno 2] No such file or directory (originated from sysctl(HW_CPU_FREQ))
Traceback (most recent call last):
  File "/opt/homebrew/bin/bpytop", line 3080, in _collect
    if CONFIG.show_cpu_freq and hasattr(psutil.cpu_freq(), "current"):
                                        ^^^^^^^^^^^^^^^^^
  File "/opt/homebrew/Cellar/bpytop/1.0.68/libexec/lib/python3.11/site-packages/psutil/__init__.py", line 1864, in cpu_freq
    ret = _psplatform.cpu_freq()
          ^^^^^^^^^^^^^^^^^^^^^^
  File "/opt/homebrew/Cellar/bpytop/1.0.68/libexec/lib/python3.11/site-packages/psutil/_psosx.py", line 179, in cpu_freq
    curr, min_, max_ = cext.cpu_freq()
                       ^^^^^^^^^^^^^^^
FileNotFoundError: [Errno 2] No such file or directory (originated from sysctl(HW_CPU_FREQ))
23/08/23 (22:58:10) | ERROR: Exception while getting cpu frequency!
23/08/23 (22:58:10) | ERROR: [Errno 2] No such file or directory (originated from sysctl(HW_CPU_FREQ))
Traceback (most recent call last):
  File "/opt/homebrew/bin/bpytop", line 3080, in _collect
    if CONFIG.show_cpu_freq and hasattr(psutil.cpu_freq(), "current"):
                                        ^^^^^^^^^^^^^^^^^
  File "/opt/homebrew/Cellar/bpytop/1.0.68/libexec/lib/python3.11/site-packages/psutil/__init__.py", line 1864, in cpu_freq
    ret = _psplatform.cpu_freq()
          ^^^^^^^^^^^^^^^^^^^^^^
  File "/opt/homebrew/Cellar/bpytop/1.0.68/libexec/lib/python3.11/site-packages/psutil/_psosx.py", line 179, in cpu_freq
    curr, min_, max_ = cext.cpu_freq()
                       ^^^^^^^^^^^^^^^
FileNotFoundError: [Errno 2] No such file or directory (originated from sysctl(HW_CPU_FREQ))
30/08/23 (22:12:31) | ERROR: Exception while getting cpu frequency!
30/08/23 (22:12:31) | ERROR: [Errno 2] No such file or directory (originated from sysctl(HW_CPU_FREQ))
Traceback (most recent call last):
  File "/opt/homebrew/bin/bpytop", line 3080, in _collect
    if CONFIG.show_cpu_freq and hasattr(psutil.cpu_freq(), "current"):
                                        ^^^^^^^^^^^^^^^^^
  File "/opt/homebrew/Cellar/bpytop/1.0.68/libexec/lib/python3.11/site-packages/psutil/__init__.py", line 1864, in cpu_freq
    ret = _psplatform.cpu_freq()
          ^^^^^^^^^^^^^^^^^^^^^^
  File "/opt/homebrew/Cellar/bpytop/1.0.68/libexec/lib/python3.11/site-packages/psutil/_psosx.py", line 179, in cpu_freq
    curr, min_, max_ = cext.cpu_freq()
                       ^^^^^^^^^^^^^^^
FileNotFoundError: [Errno 2] No such file or directory (originated from sysctl(HW_CPU_FREQ))
14/09/23 (01:43:59) | ERROR: Exception while getting cpu frequency!
14/09/23 (01:43:59) | ERROR: [Errno 2] No such file or directory (originated from sysctl(HW_CPU_FREQ))
Traceback (most recent call last):
  File "/opt/homebrew/bin/bpytop", line 3080, in _collect
    if CONFIG.show_cpu_freq and hasattr(psutil.cpu_freq(), "current"):
                                        ^^^^^^^^^^^^^^^^^
  File "/opt/homebrew/Cellar/bpytop/1.0.68/libexec/lib/python3.11/site-packages/psutil/__init__.py", line 1864, in cpu_freq
    ret = _psplatform.cpu_freq()
          ^^^^^^^^^^^^^^^^^^^^^^
  File "/opt/homebrew/Cellar/bpytop/1.0.68/libexec/lib/python3.11/site-packages/psutil/_psosx.py", line 179, in cpu_freq
    curr, min_, max_ = cext.cpu_freq()
                       ^^^^^^^^^^^^^^^
FileNotFoundError: [Errno 2] No such file or directory (originated from sysctl(HW_CPU_FREQ))
14/09/23 (15:38:26) | ERROR: Data collection thread failed with exception: [Errno 12] Cannot allocate memory
Traceback (most recent call last):
  File "/opt/homebrew/bin/bpytop", line 2958, in _runner
    collector._collect()
  File "/opt/homebrew/bin/bpytop", line 3567, in _collect
    up_stat = psutil.net_if_stats()
              ^^^^^^^^^^^^^^^^^^^^^
  File "/opt/homebrew/Cellar/bpytop/1.0.68/libexec/lib/python3.11/site-packages/psutil/__init__.py", line 2221, in net_if_stats
    return _psplatform.net_if_stats()
           ^^^^^^^^^^^^^^^^^^^^^^^^^^
  File "/opt/homebrew/Cellar/bpytop/1.0.68/libexec/lib/python3.11/site-packages/psutil/_psosx.py", line 261, in net_if_stats
    names = net_io_counters().keys()
            ^^^^^^^^^^^^^^^^^
OSError: [Errno 12] Cannot allocate memory
14/09/23 (15:38:26) | WARNING: Exiting with errorcode (1). Runtime 13:54:28 

25/09/23 (18:44:16) | ERROR: Exception while getting cpu frequency!
25/09/23 (18:44:16) | ERROR: [Errno 2] No such file or directory (originated from sysctl(HW_CPU_FREQ))
Traceback (most recent call last):
  File "/opt/homebrew/bin/bpytop", line 3080, in _collect
    if CONFIG.show_cpu_freq and hasattr(psutil.cpu_freq(), "current"):
                                        ^^^^^^^^^^^^^^^^^
  File "/opt/homebrew/Cellar/bpytop/1.0.68/libexec/lib/python3.11/site-packages/psutil/__init__.py", line 1864, in cpu_freq
    ret = _psplatform.cpu_freq()
          ^^^^^^^^^^^^^^^^^^^^^^
  File "/opt/homebrew/Cellar/bpytop/1.0.68/libexec/lib/python3.11/site-packages/psutil/_psosx.py", line 179, in cpu_freq
    curr, min_, max_ = cext.cpu_freq()
                       ^^^^^^^^^^^^^^^
FileNotFoundError: [Errno 2] No such file or directory (originated from sysctl(HW_CPU_FREQ))
06/10/23 (14:19:50) | ERROR: Exception while getting cpu frequency!
06/10/23 (14:19:50) | ERROR: [Errno 2] No such file or directory (originated from sysctl(HW_CPU_FREQ))
Traceback (most recent call last):
  File "/opt/homebrew/bin/bpytop", line 3080, in _collect
    if CONFIG.show_cpu_freq and hasattr(psutil.cpu_freq(), "current"):
                                        ^^^^^^^^^^^^^^^^^
  File "/opt/homebrew/Cellar/bpytop/1.0.68/libexec/lib/python3.11/site-packages/psutil/__init__.py", line 1864, in cpu_freq
    ret = _psplatform.cpu_freq()
          ^^^^^^^^^^^^^^^^^^^^^^
  File "/opt/homebrew/Cellar/bpytop/1.0.68/libexec/lib/python3.11/site-packages/psutil/_psosx.py", line 179, in cpu_freq
    curr, min_, max_ = cext.cpu_freq()
                       ^^^^^^^^^^^^^^^
FileNotFoundError: [Errno 2] No such file or directory (originated from sysctl(HW_CPU_FREQ))
06/10/23 (14:23:08) | ERROR: Data collection thread failed with exception: [Errno 12] Cannot allocate memory
Traceback (most recent call last):
  File "/opt/homebrew/bin/bpytop", line 2958, in _runner
    collector._collect()
  File "/opt/homebrew/bin/bpytop", line 3587, in _collect
    io_all = psutil.net_io_counters(pernic=True)[cls.nic]
             ^^^^^^^^^^^^^^^^^^^^^^^^^^^^^^^^^^^
  File "/opt/homebrew/Cellar/bpytop/1.0.68/libexec/lib/python3.11/site-packages/psutil/__init__.py", line 2114, in net_io_counters
    rawdict = _psplatform.net_io_counters()
              ^^^^^^^^^^^^^^^^^^^^^^^^^^^^^
OSError: [Errno 12] Cannot allocate memory
06/10/23 (14:23:08) | WARNING: Exiting with errorcode (1). Runtime 0:03:18 

07/10/23 (19:32:36) | ERROR: Exception while getting cpu frequency!
07/10/23 (19:32:36) | ERROR: [Errno 2] No such file or directory (originated from sysctl(HW_CPU_FREQ))
Traceback (most recent call last):
  File "/opt/homebrew/bin/bpytop", line 3080, in _collect
    if CONFIG.show_cpu_freq and hasattr(psutil.cpu_freq(), "current"):
                                        ^^^^^^^^^^^^^^^^^
  File "/opt/homebrew/Cellar/bpytop/1.0.68/libexec/lib/python3.11/site-packages/psutil/__init__.py", line 1864, in cpu_freq
    ret = _psplatform.cpu_freq()
          ^^^^^^^^^^^^^^^^^^^^^^
  File "/opt/homebrew/Cellar/bpytop/1.0.68/libexec/lib/python3.11/site-packages/psutil/_psosx.py", line 179, in cpu_freq
    curr, min_, max_ = cext.cpu_freq()
                       ^^^^^^^^^^^^^^^
FileNotFoundError: [Errno 2] No such file or directory (originated from sysctl(HW_CPU_FREQ))
